<?xml version="1.0" encoding="UTF-8"?>
<!-- Generated by org.testng.reporters.JUnitReportReporter -->
<testsuite hostname="Poojas-MacbookAir.local" failures="0" tests="1" name="testcases.TestCase1" time="14.212" errors="0" timestamp="2023-09-06T14:17:55 IST" skipped="0">
  <testcase classname="testcases.TestCase1" name="tc1" time="14.212"/>
</testsuite> <!-- testcases.TestCase1 -->
